  SDL_Net_Server.cpp
c:\program files (x86)\windows kits\10\include\10.0.17763.0\um\winsock.h(301): warning C4005: 'INADDR_ANY': macro redefinition
  c:\users\niko\desktop\code tutorials\hacking\onlinectr\sdl2_net-2.0.1\include\sdl_net.h(102): note: see previous definition of 'INADDR_ANY'
c:\program files (x86)\windows kits\10\include\10.0.17763.0\um\winsock.h(303): warning C4005: 'INADDR_BROADCAST': macro redefinition
  c:\users\niko\desktop\code tutorials\hacking\onlinectr\sdl2_net-2.0.1\include\sdl_net.h(111): note: see previous definition of 'INADDR_BROADCAST'
c:\program files (x86)\windows kits\10\include\10.0.17763.0\um\winsock.h(304): warning C4005: 'INADDR_NONE': macro redefinition
  c:\users\niko\desktop\code tutorials\hacking\onlinectr\sdl2_net-2.0.1\include\sdl_net.h(105): note: see previous definition of 'INADDR_NONE'
c:\users\niko\desktop\code tutorials\hacking\onlinectr\sdl_net_server\sdl_net_server.cpp(262): warning C4244: 'initializing': conversion from 'uintptr_t' to 'DWORD', possible loss of data
c:\users\niko\desktop\code tutorials\hacking\onlinectr\sdl_net_server\sdl_net_server.cpp(280): warning C4312: 'type cast': conversion from 'DWORD' to 'PBYTE *' of greater size
c:\users\niko\desktop\code tutorials\hacking\onlinectr\sdl_net_server\sdl_net_server.cpp(285): warning C4312: 'type cast': conversion from 'DWORD' to 'PBYTE *' of greater size
c:\users\niko\desktop\code tutorials\hacking\onlinectr\sdl_net_server\sdl_net_server.cpp(435): warning C4312: 'type cast': conversion from 'DWORD' to 'PBYTE *' of greater size
c:\users\niko\desktop\code tutorials\hacking\onlinectr\sdl_net_server\sdl_net_server.cpp(475): warning C4312: 'type cast': conversion from 'DWORD' to 'PBYTE *' of greater size
c:\users\niko\desktop\code tutorials\hacking\onlinectr\sdl_net_server\sdl_net_server.cpp(481): warning C4312: 'type cast': conversion from 'DWORD' to 'PBYTE *' of greater size
c:\users\niko\desktop\code tutorials\hacking\onlinectr\sdl_net_server\sdl_net_server.cpp(495): warning C4312: 'type cast': conversion from 'DWORD' to 'PBYTE *' of greater size
c:\users\niko\desktop\code tutorials\hacking\onlinectr\sdl_net_server\sdl_net_server.cpp(496): warning C4312: 'type cast': conversion from 'DWORD' to 'PBYTE *' of greater size
c:\users\niko\desktop\code tutorials\hacking\onlinectr\sdl_net_server\sdl_net_server.cpp(518): warning C4312: 'type cast': conversion from 'DWORD' to 'PBYTE *' of greater size
c:\users\niko\desktop\code tutorials\hacking\onlinectr\sdl_net_server\sdl_net_server.cpp(561): warning C4309: 'initializing': truncation of constant value
c:\users\niko\desktop\code tutorials\hacking\onlinectr\sdl_net_server\sdl_net_server.cpp(562): warning C4309: 'initializing': truncation of constant value
c:\users\niko\desktop\code tutorials\hacking\onlinectr\sdl_net_server\sdl_net_server.cpp(565): warning C4312: 'type cast': conversion from 'DWORD' to 'PBYTE *' of greater size
c:\users\niko\desktop\code tutorials\hacking\onlinectr\sdl_net_server\sdl_net_server.cpp(568): warning C4312: 'type cast': conversion from 'DWORD' to 'PBYTE *' of greater size
c:\users\niko\desktop\code tutorials\hacking\onlinectr\sdl_net_server\sdl_net_server.cpp(571): warning C4312: 'type cast': conversion from 'DWORD' to 'PBYTE *' of greater size
c:\users\niko\desktop\code tutorials\hacking\onlinectr\sdl_net_server\sdl_net_server.cpp(574): warning C4312: 'type cast': conversion from 'DWORD' to 'PBYTE *' of greater size
c:\users\niko\desktop\code tutorials\hacking\onlinectr\sdl_net_server\sdl_net_server.cpp(588): warning C4312: 'type cast': conversion from 'DWORD' to 'PBYTE *' of greater size
c:\users\niko\desktop\code tutorials\hacking\onlinectr\sdl_net_server\sdl_net_server.cpp(591): warning C4312: 'type cast': conversion from 'DWORD' to 'PBYTE *' of greater size
c:\users\niko\desktop\code tutorials\hacking\onlinectr\sdl_net_server\sdl_net_server.cpp(597): warning C4312: 'type cast': conversion from 'DWORD' to 'PBYTE *' of greater size
c:\users\niko\desktop\code tutorials\hacking\onlinectr\sdl_net_server\sdl_net_server.cpp(598): warning C4312: 'type cast': conversion from 'DWORD' to 'PBYTE *' of greater size
c:\users\niko\desktop\code tutorials\hacking\onlinectr\sdl_net_server\sdl_net_server.cpp(599): warning C4312: 'type cast': conversion from 'DWORD' to 'PBYTE *' of greater size
c:\users\niko\desktop\code tutorials\hacking\onlinectr\sdl_net_server\sdl_net_server.cpp(600): warning C4312: 'type cast': conversion from 'DWORD' to 'PBYTE *' of greater size
c:\users\niko\desktop\code tutorials\hacking\onlinectr\sdl_net_server\sdl_net_server.cpp(601): warning C4312: 'type cast': conversion from 'DWORD' to 'PBYTE *' of greater size
c:\users\niko\desktop\code tutorials\hacking\onlinectr\sdl_net_server\sdl_net_server.cpp(615): warning C4312: 'type cast': conversion from 'DWORD' to 'PBYTE *' of greater size
c:\users\niko\desktop\code tutorials\hacking\onlinectr\sdl_net_server\sdl_net_server.cpp(619): warning C4312: 'type cast': conversion from 'DWORD' to 'PBYTE *' of greater size
c:\users\niko\desktop\code tutorials\hacking\onlinectr\sdl_net_server\sdl_net_server.cpp(631): warning C4312: 'type cast': conversion from 'DWORD' to 'PBYTE *' of greater size
c:\users\niko\desktop\code tutorials\hacking\onlinectr\sdl_net_server\sdl_net_server.cpp(632): warning C4312: 'type cast': conversion from 'DWORD' to 'PBYTE *' of greater size
c:\users\niko\desktop\code tutorials\hacking\onlinectr\sdl_net_server\sdl_net_server.cpp(648): warning C4312: 'type cast': conversion from 'DWORD' to 'PBYTE *' of greater size
c:\users\niko\desktop\code tutorials\hacking\onlinectr\sdl_net_server\sdl_net_server.cpp(664): warning C4312: 'type cast': conversion from 'int' to 'PBYTE *' of greater size
c:\users\niko\desktop\code tutorials\hacking\onlinectr\sdl_net_server\sdl_net_server.cpp(665): warning C4312: 'type cast': conversion from 'int' to 'PBYTE *' of greater size
c:\users\niko\desktop\code tutorials\hacking\onlinectr\sdl_net_server\sdl_net_server.cpp(666): warning C4312: 'type cast': conversion from 'int' to 'PBYTE *' of greater size
c:\users\niko\desktop\code tutorials\hacking\onlinectr\sdl_net_server\sdl_net_server.cpp(673): warning C4477: 'printf' : format string '%p' requires an argument of type 'void *', but variadic argument 1 has type 'unsigned int'
c:\users\niko\desktop\code tutorials\hacking\onlinectr\sdl_net_server\sdl_net_server.cpp(673): warning C4313: 'printf': '%p' in format string conflicts with argument 1 of type 'unsigned int'
c:\users\niko\desktop\code tutorials\hacking\onlinectr\sdl_net_server\sdl_net_server.cpp(696): warning C4312: 'type cast': conversion from 'DWORD' to 'PBYTE *' of greater size
c:\users\niko\desktop\code tutorials\hacking\onlinectr\sdl_net_server\sdl_net_server.cpp(699): warning C4312: 'type cast': conversion from 'unsigned int' to 'PBYTE *' of greater size
c:\users\niko\desktop\code tutorials\hacking\onlinectr\sdl_net_server\sdl_net_server.cpp(700): warning C4312: 'type cast': conversion from 'unsigned int' to 'PBYTE *' of greater size
c:\users\niko\desktop\code tutorials\hacking\onlinectr\sdl_net_server\sdl_net_server.cpp(701): warning C4312: 'type cast': conversion from 'unsigned int' to 'PBYTE *' of greater size
c:\users\niko\desktop\code tutorials\hacking\onlinectr\sdl_net_server\sdl_net_server.cpp(708): warning C4312: 'type cast': conversion from 'unsigned int' to 'PBYTE *' of greater size
c:\users\niko\desktop\code tutorials\hacking\onlinectr\sdl_net_server\sdl_net_server.cpp(709): warning C4312: 'type cast': conversion from 'unsigned int' to 'PBYTE *' of greater size
c:\users\niko\desktop\code tutorials\hacking\onlinectr\sdl_net_server\sdl_net_server.cpp(710): warning C4312: 'type cast': conversion from 'unsigned int' to 'PBYTE *' of greater size
c:\users\niko\desktop\code tutorials\hacking\onlinectr\sdl_net_server\sdl_net_server.cpp(733): warning C4312: 'type cast': conversion from 'unsigned int' to 'PBYTE *' of greater size
c:\users\niko\desktop\code tutorials\hacking\onlinectr\sdl_net_server\sdl_net_server.cpp(738): warning C4312: 'type cast': conversion from 'unsigned int' to 'PBYTE *' of greater size
c:\users\niko\desktop\code tutorials\hacking\onlinectr\sdl_net_server\sdl_net_server.cpp(767): warning C4312: 'type cast': conversion from 'unsigned int' to 'PBYTE *' of greater size
c:\users\niko\desktop\code tutorials\hacking\onlinectr\sdl_net_server\sdl_net_server.cpp(768): warning C4312: 'type cast': conversion from 'unsigned int' to 'PBYTE *' of greater size
c:\users\niko\desktop\code tutorials\hacking\onlinectr\sdl_net_server\sdl_net_server.cpp(769): warning C4312: 'type cast': conversion from 'unsigned int' to 'PBYTE *' of greater size
c:\users\niko\desktop\code tutorials\hacking\onlinectr\sdl_net_server\sdl_net_server.cpp(786): warning C4312: 'type cast': conversion from 'unsigned int' to 'PBYTE *' of greater size
c:\users\niko\desktop\code tutorials\hacking\onlinectr\sdl_net_server\sdl_net_server.cpp(787): warning C4312: 'type cast': conversion from 'unsigned int' to 'PBYTE *' of greater size
c:\users\niko\desktop\code tutorials\hacking\onlinectr\sdl_net_server\sdl_net_server.cpp(788): warning C4312: 'type cast': conversion from 'unsigned int' to 'PBYTE *' of greater size
  Generating code
  1 of 16 functions ( 6.3%) were compiled, the rest were copied from previous compilation.
    0 functions were new in current compilation
    0 functions had inline decision re-evaluated but remain unchanged
  Finished generating code
  SDL_Net_Server.vcxproj -> C:\Users\Niko\Desktop\code tutorials\Hacking\OnlineCTR\x64\Release\SDL_Net_Server.exe
