C:\Program Files (x86)\Microsoft Visual Studio\2017\Community\Common7\IDE\VC\VCTargets\Microsoft.CppBuild.targets(391,5): warning MSB8028: The intermediate directory (x64\Debug\) contains files shared from another project (SDL_Net_Server.vcxproj).  This can lead to incorrect clean and rebuild behavior.
  OnlineCTR.cpp
c:\program files (x86)\windows kits\10\include\10.0.17763.0\um\winsock.h(301): warning C4005: 'INADDR_ANY': macro redefinition
  c:\users\niko\desktop\code tutorials\hacking\onlinectr\sdl2_net-2.0.1\include\sdl_net.h(102): note: see previous definition of 'INADDR_ANY'
c:\program files (x86)\windows kits\10\include\10.0.17763.0\um\winsock.h(303): warning C4005: 'INADDR_BROADCAST': macro redefinition
  c:\users\niko\desktop\code tutorials\hacking\onlinectr\sdl2_net-2.0.1\include\sdl_net.h(111): note: see previous definition of 'INADDR_BROADCAST'
c:\program files (x86)\windows kits\10\include\10.0.17763.0\um\winsock.h(304): warning C4005: 'INADDR_NONE': macro redefinition
  c:\users\niko\desktop\code tutorials\hacking\onlinectr\sdl2_net-2.0.1\include\sdl_net.h(105): note: see previous definition of 'INADDR_NONE'
c:\users\niko\desktop\code tutorials\hacking\onlinectr\onlinectr\onlinectr.cpp(373): warning C4244: 'initializing': conversion from 'uintptr_t' to 'DWORD', possible loss of data
c:\users\niko\desktop\code tutorials\hacking\onlinectr\onlinectr\onlinectr.cpp(391): warning C4312: 'type cast': conversion from 'DWORD' to 'PBYTE *' of greater size
c:\users\niko\desktop\code tutorials\hacking\onlinectr\onlinectr\onlinectr.cpp(396): warning C4312: 'type cast': conversion from 'DWORD' to 'PBYTE *' of greater size
c:\users\niko\desktop\code tutorials\hacking\onlinectr\onlinectr\onlinectr.cpp(546): warning C4312: 'type cast': conversion from 'DWORD' to 'PBYTE *' of greater size
c:\users\niko\desktop\code tutorials\hacking\onlinectr\onlinectr\onlinectr.cpp(559): warning C4312: 'type cast': conversion from 'DWORD' to 'PBYTE *' of greater size
c:\users\niko\desktop\code tutorials\hacking\onlinectr\onlinectr\onlinectr.cpp(565): warning C4312: 'type cast': conversion from 'DWORD' to 'PBYTE *' of greater size
c:\users\niko\desktop\code tutorials\hacking\onlinectr\onlinectr\onlinectr.cpp(579): warning C4312: 'type cast': conversion from 'DWORD' to 'PBYTE *' of greater size
c:\users\niko\desktop\code tutorials\hacking\onlinectr\onlinectr\onlinectr.cpp(580): warning C4312: 'type cast': conversion from 'DWORD' to 'PBYTE *' of greater size
c:\users\niko\desktop\code tutorials\hacking\onlinectr\onlinectr\onlinectr.cpp(605): warning C4312: 'type cast': conversion from 'DWORD' to 'PBYTE *' of greater size
c:\users\niko\desktop\code tutorials\hacking\onlinectr\onlinectr\onlinectr.cpp(632): warning C4309: 'initializing': truncation of constant value
c:\users\niko\desktop\code tutorials\hacking\onlinectr\onlinectr\onlinectr.cpp(633): warning C4309: 'initializing': truncation of constant value
c:\users\niko\desktop\code tutorials\hacking\onlinectr\onlinectr\onlinectr.cpp(636): warning C4312: 'type cast': conversion from 'DWORD' to 'PBYTE *' of greater size
c:\users\niko\desktop\code tutorials\hacking\onlinectr\onlinectr\onlinectr.cpp(639): warning C4312: 'type cast': conversion from 'DWORD' to 'PBYTE *' of greater size
c:\users\niko\desktop\code tutorials\hacking\onlinectr\onlinectr\onlinectr.cpp(642): warning C4312: 'type cast': conversion from 'DWORD' to 'PBYTE *' of greater size
c:\users\niko\desktop\code tutorials\hacking\onlinectr\onlinectr\onlinectr.cpp(645): warning C4312: 'type cast': conversion from 'DWORD' to 'PBYTE *' of greater size
c:\users\niko\desktop\code tutorials\hacking\onlinectr\onlinectr\onlinectr.cpp(659): warning C4312: 'type cast': conversion from 'DWORD' to 'PBYTE *' of greater size
c:\users\niko\desktop\code tutorials\hacking\onlinectr\onlinectr\onlinectr.cpp(662): warning C4312: 'type cast': conversion from 'DWORD' to 'PBYTE *' of greater size
c:\users\niko\desktop\code tutorials\hacking\onlinectr\onlinectr\onlinectr.cpp(677): warning C4312: 'type cast': conversion from 'DWORD' to 'PBYTE *' of greater size
c:\users\niko\desktop\code tutorials\hacking\onlinectr\onlinectr\onlinectr.cpp(681): warning C4312: 'type cast': conversion from 'DWORD' to 'PBYTE *' of greater size
c:\users\niko\desktop\code tutorials\hacking\onlinectr\onlinectr\onlinectr.cpp(693): warning C4312: 'type cast': conversion from 'DWORD' to 'PBYTE *' of greater size
c:\users\niko\desktop\code tutorials\hacking\onlinectr\onlinectr\onlinectr.cpp(694): warning C4312: 'type cast': conversion from 'DWORD' to 'PBYTE *' of greater size
c:\users\niko\desktop\code tutorials\hacking\onlinectr\onlinectr\onlinectr.cpp(710): warning C4312: 'type cast': conversion from 'DWORD' to 'PBYTE *' of greater size
c:\users\niko\desktop\code tutorials\hacking\onlinectr\onlinectr\onlinectr.cpp(732): warning C4312: 'type cast': conversion from 'int' to 'PBYTE *' of greater size
c:\users\niko\desktop\code tutorials\hacking\onlinectr\onlinectr\onlinectr.cpp(733): warning C4312: 'type cast': conversion from 'int' to 'PBYTE *' of greater size
c:\users\niko\desktop\code tutorials\hacking\onlinectr\onlinectr\onlinectr.cpp(734): warning C4312: 'type cast': conversion from 'int' to 'PBYTE *' of greater size
c:\users\niko\desktop\code tutorials\hacking\onlinectr\onlinectr\onlinectr.cpp(741): warning C4477: 'printf' : format string '%p' requires an argument of type 'void *', but variadic argument 1 has type 'unsigned long'
c:\users\niko\desktop\code tutorials\hacking\onlinectr\onlinectr\onlinectr.cpp(741): warning C4313: 'printf': '%p' in format string conflicts with argument 1 of type 'unsigned long'
c:\users\niko\desktop\code tutorials\hacking\onlinectr\onlinectr\onlinectr.cpp(775): warning C4312: 'type cast': conversion from 'DWORD' to 'PBYTE *' of greater size
c:\users\niko\desktop\code tutorials\hacking\onlinectr\onlinectr\onlinectr.cpp(778): warning C4312: 'type cast': conversion from 'unsigned int' to 'PBYTE *' of greater size
c:\users\niko\desktop\code tutorials\hacking\onlinectr\onlinectr\onlinectr.cpp(779): warning C4312: 'type cast': conversion from 'unsigned int' to 'PBYTE *' of greater size
c:\users\niko\desktop\code tutorials\hacking\onlinectr\onlinectr\onlinectr.cpp(780): warning C4312: 'type cast': conversion from 'unsigned int' to 'PBYTE *' of greater size
c:\users\niko\desktop\code tutorials\hacking\onlinectr\onlinectr\onlinectr.cpp(787): warning C4312: 'type cast': conversion from 'unsigned int' to 'PBYTE *' of greater size
c:\users\niko\desktop\code tutorials\hacking\onlinectr\onlinectr\onlinectr.cpp(788): warning C4312: 'type cast': conversion from 'unsigned int' to 'PBYTE *' of greater size
c:\users\niko\desktop\code tutorials\hacking\onlinectr\onlinectr\onlinectr.cpp(789): warning C4312: 'type cast': conversion from 'unsigned int' to 'PBYTE *' of greater size
c:\users\niko\desktop\code tutorials\hacking\onlinectr\onlinectr\onlinectr.cpp(820): warning C4312: 'type cast': conversion from 'unsigned int' to 'PBYTE *' of greater size
c:\users\niko\desktop\code tutorials\hacking\onlinectr\onlinectr\onlinectr.cpp(827): warning C4312: 'type cast': conversion from 'unsigned int' to 'PBYTE *' of greater size
c:\users\niko\desktop\code tutorials\hacking\onlinectr\onlinectr\onlinectr.cpp(832): warning C4312: 'type cast': conversion from 'unsigned int' to 'PBYTE *' of greater size
c:\users\niko\desktop\code tutorials\hacking\onlinectr\onlinectr\onlinectr.cpp(833): warning C4312: 'type cast': conversion from 'unsigned int' to 'PBYTE *' of greater size
c:\users\niko\desktop\code tutorials\hacking\onlinectr\onlinectr\onlinectr.cpp(834): warning C4312: 'type cast': conversion from 'unsigned int' to 'PBYTE *' of greater size
c:\users\niko\desktop\code tutorials\hacking\onlinectr\onlinectr\onlinectr.cpp(861): warning C4312: 'type cast': conversion from 'unsigned int' to 'PBYTE *' of greater size
c:\users\niko\desktop\code tutorials\hacking\onlinectr\onlinectr\onlinectr.cpp(862): warning C4312: 'type cast': conversion from 'unsigned int' to 'PBYTE *' of greater size
c:\users\niko\desktop\code tutorials\hacking\onlinectr\onlinectr\onlinectr.cpp(863): warning C4312: 'type cast': conversion from 'unsigned int' to 'PBYTE *' of greater size
c:\users\niko\desktop\code tutorials\hacking\onlinectr\onlinectr\onlinectr.cpp(868): warning C4312: 'type cast': conversion from 'unsigned int' to 'PBYTE *' of greater size
c:\users\niko\desktop\code tutorials\hacking\onlinectr\onlinectr\onlinectr.cpp(869): warning C4312: 'type cast': conversion from 'unsigned int' to 'PBYTE *' of greater size
c:\users\niko\desktop\code tutorials\hacking\onlinectr\onlinectr\onlinectr.cpp(870): warning C4312: 'type cast': conversion from 'unsigned int' to 'PBYTE *' of greater size
c:\users\niko\desktop\code tutorials\hacking\onlinectr\onlinectr\onlinectr.cpp(875): warning C4312: 'type cast': conversion from 'unsigned int' to 'PBYTE *' of greater size
c:\users\niko\desktop\code tutorials\hacking\onlinectr\onlinectr\onlinectr.cpp(876): warning C4312: 'type cast': conversion from 'unsigned int' to 'PBYTE *' of greater size
c:\users\niko\desktop\code tutorials\hacking\onlinectr\onlinectr\onlinectr.cpp(877): warning C4312: 'type cast': conversion from 'unsigned int' to 'PBYTE *' of greater size
c:\users\niko\desktop\code tutorials\hacking\onlinectr\onlinectr\onlinectr.cpp(927): warning C4312: 'type cast': conversion from 'int' to 'PBYTE *' of greater size
c:\users\niko\desktop\code tutorials\hacking\onlinectr\onlinectr\onlinectr.cpp(928): warning C4312: 'type cast': conversion from 'int' to 'PBYTE *' of greater size
c:\users\niko\desktop\code tutorials\hacking\onlinectr\onlinectr\onlinectr.cpp(929): warning C4312: 'type cast': conversion from 'int' to 'PBYTE *' of greater size
  OnlineCTR.vcxproj -> C:\Users\Niko\Desktop\code tutorials\Hacking\OnlineCTR\x64\Debug\OnlineCTR.exe
