  SDL_Net_Server.cpp
c:\program files (x86)\windows kits\10\include\10.0.17763.0\um\winsock.h(301): warning C4005: 'INADDR_ANY': macro redefinition
  c:\users\niko\desktop\code tutorials\hacking\onlinectr\sdl2_net-2.0.1\include\sdl_net.h(102): note: see previous definition of 'INADDR_ANY'
c:\program files (x86)\windows kits\10\include\10.0.17763.0\um\winsock.h(303): warning C4005: 'INADDR_BROADCAST': macro redefinition
  c:\users\niko\desktop\code tutorials\hacking\onlinectr\sdl2_net-2.0.1\include\sdl_net.h(111): note: see previous definition of 'INADDR_BROADCAST'
c:\program files (x86)\windows kits\10\include\10.0.17763.0\um\winsock.h(304): warning C4005: 'INADDR_NONE': macro redefinition
  c:\users\niko\desktop\code tutorials\hacking\onlinectr\sdl2_net-2.0.1\include\sdl_net.h(105): note: see previous definition of 'INADDR_NONE'
c:\users\niko\desktop\code tutorials\hacking\onlinectr\sdl_net_server\sdl_net_server.cpp(584): warning C4312: 'type cast': conversion from 'int' to 'PBYTE *' of greater size
c:\users\niko\desktop\code tutorials\hacking\onlinectr\sdl_net_server\sdl_net_server.cpp(585): warning C4312: 'type cast': conversion from 'int' to 'PBYTE *' of greater size
c:\users\niko\desktop\code tutorials\hacking\onlinectr\sdl_net_server\sdl_net_server.cpp(586): warning C4312: 'type cast': conversion from 'int' to 'PBYTE *' of greater size
c:\users\niko\desktop\code tutorials\hacking\onlinectr\sdl_net_server\sdl_net_server.cpp(593): warning C4477: 'printf' : format string '%p' requires an argument of type 'void *', but variadic argument 1 has type 'unsigned int'
c:\users\niko\desktop\code tutorials\hacking\onlinectr\sdl_net_server\sdl_net_server.cpp(593): warning C4313: 'printf': '%p' in format string conflicts with argument 1 of type 'unsigned int'
c:\users\niko\desktop\code tutorials\hacking\onlinectr\sdl_net_server\sdl_net_server.cpp(619): warning C4312: 'type cast': conversion from 'unsigned int' to 'PBYTE *' of greater size
c:\users\niko\desktop\code tutorials\hacking\onlinectr\sdl_net_server\sdl_net_server.cpp(620): warning C4312: 'type cast': conversion from 'unsigned int' to 'PBYTE *' of greater size
c:\users\niko\desktop\code tutorials\hacking\onlinectr\sdl_net_server\sdl_net_server.cpp(621): warning C4312: 'type cast': conversion from 'unsigned int' to 'PBYTE *' of greater size
c:\users\niko\desktop\code tutorials\hacking\onlinectr\sdl_net_server\sdl_net_server.cpp(628): warning C4312: 'type cast': conversion from 'unsigned int' to 'PBYTE *' of greater size
c:\users\niko\desktop\code tutorials\hacking\onlinectr\sdl_net_server\sdl_net_server.cpp(629): warning C4312: 'type cast': conversion from 'unsigned int' to 'PBYTE *' of greater size
c:\users\niko\desktop\code tutorials\hacking\onlinectr\sdl_net_server\sdl_net_server.cpp(630): warning C4312: 'type cast': conversion from 'unsigned int' to 'PBYTE *' of greater size
c:\users\niko\desktop\code tutorials\hacking\onlinectr\sdl_net_server\sdl_net_server.cpp(653): warning C4312: 'type cast': conversion from 'unsigned int' to 'PBYTE *' of greater size
c:\users\niko\desktop\code tutorials\hacking\onlinectr\sdl_net_server\sdl_net_server.cpp(658): warning C4312: 'type cast': conversion from 'unsigned int' to 'PBYTE *' of greater size
c:\users\niko\desktop\code tutorials\hacking\onlinectr\sdl_net_server\sdl_net_server.cpp(687): warning C4312: 'type cast': conversion from 'unsigned int' to 'PBYTE *' of greater size
c:\users\niko\desktop\code tutorials\hacking\onlinectr\sdl_net_server\sdl_net_server.cpp(688): warning C4312: 'type cast': conversion from 'unsigned int' to 'PBYTE *' of greater size
c:\users\niko\desktop\code tutorials\hacking\onlinectr\sdl_net_server\sdl_net_server.cpp(689): warning C4312: 'type cast': conversion from 'unsigned int' to 'PBYTE *' of greater size
c:\users\niko\desktop\code tutorials\hacking\onlinectr\sdl_net_server\sdl_net_server.cpp(706): warning C4312: 'type cast': conversion from 'unsigned int' to 'PBYTE *' of greater size
c:\users\niko\desktop\code tutorials\hacking\onlinectr\sdl_net_server\sdl_net_server.cpp(707): warning C4312: 'type cast': conversion from 'unsigned int' to 'PBYTE *' of greater size
c:\users\niko\desktop\code tutorials\hacking\onlinectr\sdl_net_server\sdl_net_server.cpp(708): warning C4312: 'type cast': conversion from 'unsigned int' to 'PBYTE *' of greater size
  SDL_Net_Server.vcxproj -> C:\Users\Niko\Desktop\code tutorials\Hacking\OnlineCTR\x64\Debug\SDL_Net_Server.exe
